\BOOKMARK [0][-]{chapter*.2}{\376\377\000P\000r\000e\000f\000a\000c\000e}{}% 1
\BOOKMARK [0][-]{chapter.1}{\376\377\000ラ\000ン\000ダ\000ム\000ウ\000ォ\000ー\000ク\000概\000論}{}% 2
\BOOKMARK [1][-]{section.1.1}{\376\377\000記\000号}{chapter.1}% 3
\BOOKMARK [1][-]{section.1.2}{\376\377\000定\000義}{chapter.1}% 4
\BOOKMARK [1][-]{section.1.3}{\376\377\000収\000束\000性}{chapter.1}% 5
\BOOKMARK [2][-]{subsection.1.3.1}{\376\377\000定\000常\000分\000布}{section.1.3}% 6
\BOOKMARK [2][-]{subsection.1.3.2}{\376\377\000混\000交\000時\000間}{section.1.3}% 7
\BOOKMARK [1][-]{section.1.4}{\376\377\000グ\000ラ\000フ\000上\000の\000ラ\000ン\000ダ\000ム\000ウ\000ォ\000ー\000ク}{chapter.1}% 8
\BOOKMARK [2][-]{subsection.1.4.1}{\376\377\000単\000純\000ラ\000ン\000ダ\000ム\000ウ\000ォ\000ー\000ク}{section.1.4}% 9
\BOOKMARK [2][-]{subsection.1.4.2}{\376\377\000遅\000延\000単\000純\000ラ\000ン\000ダ\000ム\000ウ\000ォ\000ー\000ク\000.}{section.1.4}% 10
\BOOKMARK [2][-]{subsection.1.4.3}{\376\377\000グ\000ラ\000フ\000上\000で\000の\000上\000昇\000ウ\000ォ\000ー\000ク\000と\000下\000降\000ウ\000ォ\000ー\000ク}{section.1.4}% 11
\BOOKMARK [2][-]{subsection.1.4.4}{\376\377\000重\000み\000付\000き\000グ\000ラ\000フ\000上\000の\000ラ\000ン\000ダ\000ム\000ウ\000ォ\000ー\000ク}{section.1.4}% 12
\BOOKMARK [1][-]{section.1.5}{\376\377\000ラ\000ン\000ダ\000ム\000ウ\000ォ\000ー\000ク\000の\000固\000有\000値\000と\000可\000逆\000性}{chapter.1}% 13
\BOOKMARK [1][-]{section.1.6}{\376\377\000定\000常\000分\000布\000か\000ら\000定\000ま\000る\000内\000積\000と\000ノ\000ル\000ム}{chapter.1}% 14
\BOOKMARK [1][-]{section.1.7}{\376\377\000ラ\000ン\000ダ\000ム\000ウ\000ォ\000ー\000ク\000の\000ス\000ペ\000ク\000ト\000ル\000と\000混\000交\000時\000間}{chapter.1}% 15
\BOOKMARK [1][-]{section.1.8}{\376\377\000R\000a\000y\000l\000e\000i\000g\000h\000商}{chapter.1}% 16
\BOOKMARK [1][-]{section.1.9}{\376\377\000片\000側\000の\000固\000有\000値\000の\000バ\000ウ\000ン\000ド}{chapter.1}% 17
\BOOKMARK [0][-]{chapter.2}{\376\377\000エ\000ク\000ス\000パ\000ン\000ダ\000ー\000グ\000ラ\000フ\000概\000論}{}% 18
\BOOKMARK [1][-]{section.2.1}{\376\377\000定\000義}{chapter.2}% 19
\BOOKMARK [1][-]{section.2.2}{\376\377\000存\000在\000性\000と\000陽\000な\000構\000成}{chapter.2}% 20
\BOOKMARK [2][-]{subsection.2.2.1}{\376\377\000M\000a\000r\000g\000u\000l\000i\000s\000の\000構\000成}{section.2.2}% 21
\BOOKMARK [2][-]{subsection.2.2.2}{\376\377\000ケ\000イ\000リ\000ー\000グ\000ラ\000フ}{section.2.2}% 22
\BOOKMARK [2][-]{subsection.2.2.3}{\376\377\000A\000l\000o\000n\000-\000B\000o\000p\000p\000a\000n\000a\000の\000定\000理}{section.2.2}% 23
\BOOKMARK [2][-]{subsection.2.2.4}{\376\377\000ラ\000マ\000ヌ\000ジ\000ャ\000ン\000グ\000ラ\000フ}{section.2.2}% 24
\BOOKMARK [2][-]{subsection.2.2.5}{\376\377\000ジ\000グ\000ザ\000グ\000積\000に\000よ\000る\000組\000合\000せ\000的\000な\000構\000成}{section.2.2}% 25
\BOOKMARK [1][-]{section.2.3}{\376\377\000性\000質}{chapter.2}% 26
\BOOKMARK [2][-]{subsection.2.3.1}{\376\377\000擬\000似\000ラ\000ン\000ダ\000ム\000性\000\050\000*\000\051}{section.2.3}% 27
\BOOKMARK [2][-]{subsection.2.3.2}{\376\377\000グ\000ラ\000フ\000理\000論\000的\000な\000性\000質}{section.2.3}% 28
\BOOKMARK [1][-]{section.2.4}{\376\377\000エ\000ク\000ス\000パ\000ン\000ダ\000ー\000グ\000ラ\000フ\000の\000応\000用}{chapter.2}% 29
\BOOKMARK [2][-]{subsection.2.4.1}{\376\377\000脱\000乱\000択\000化}{section.2.4}% 30
\BOOKMARK [2][-]{subsection.2.4.2}{\376\377\000誤\000り\000訂\000正\000符\000号}{section.2.4}% 31
\BOOKMARK [0][-]{chapter.3}{\376\377\000高\000次\000元\000エ\000ク\000ス\000パ\000ン\000ダ\000ー\000概\000論}{}% 32
\BOOKMARK [1][-]{section.3.1}{\376\377\000定\000義}{chapter.3}% 33
\BOOKMARK [1][-]{section.3.2}{\376\377\000大\000域\000エ\000ク\000ス\000パ\000ン\000ダ\000ー\000性}{chapter.3}% 34
\BOOKMARK [2][-]{subsection.3.2.1}{\376\377\000下\000降\000ウ\000ォ\000ー\000ク\000と\000定\000常\000分\000布}{section.3.2}% 35
\BOOKMARK [2][-]{subsection.3.2.2}{\376\377\000上\000昇\000ウ\000ォ\000ー\000ク}{section.3.2}% 36
\BOOKMARK [2][-]{subsection.3.2.3}{\376\377\000各\000次\000元\000の\000内\000積\000空\000間}{section.3.2}% 37
\BOOKMARK [1][-]{section.3.3}{\376\377\000局\000所\000エ\000ク\000ス\000パ\000ン\000ダ\000ー\000性}{chapter.3}% 38
\BOOKMARK [2][-]{subsection.3.3.1}{\376\377\000局\000所\000的\000な\000ラ\000ン\000ダ\000ム\000ウ\000ォ\000ー\000ク}{section.3.3}% 39
\BOOKMARK [2][-]{subsection.3.3.2}{\376\377\000局\000所\000エ\000ク\000ス\000パ\000ン\000ダ\000ー}{section.3.3}% 40
\BOOKMARK [1][-]{section.3.4}{\376\377\000単\000体\000複\000体\000の\000局\000所\000大\000域\000原\000理}{chapter.3}% 41
\BOOKMARK [2][-]{subsection.3.4.1}{\376\377\000非\000遅\000延\000上\000昇\000下\000降\000ウ\000ォ\000ー\000ク}{section.3.4}% 42
\BOOKMARK [2][-]{subsection.3.4.2}{\376\377\000ラ\000ン\000ダ\000ム\000ウ\000ォ\000ー\000ク\000の\000分\000解}{section.3.4}% 43
\BOOKMARK [2][-]{subsection.3.4.3}{\376\377\000第\000二\000固\000有\000値\000の\000比\000較}{section.3.4}% 44
\BOOKMARK [2][-]{subsection.3.4.4}{\376\377\000A\000l\000e\000v\040\023\000L\000a\000u\000の\000定\000理}{section.3.4}% 45
\BOOKMARK [0][-]{chapter.4}{\376\377\000マ\000ト\000ロ\000イ\000ド}{}% 46
\BOOKMARK [1][-]{section.4.1}{\376\377\000定\000義}{chapter.4}% 47
\BOOKMARK [1][-]{section.4.2}{\376\377\000基\000交\000換\000ウ\000ォ\000ー\000ク}{chapter.4}% 48
\BOOKMARK [1][-]{section.4.3}{\376\377\000マ\000ト\000ロ\000イ\000ド\000の\000局\000所\000エ\000ク\000ス\000パ\000ン\000ダ\000ー\000性}{chapter.4}% 49
\BOOKMARK [2][-]{subsection.4.3.1}{\376\377\000O\000p\000p\000e\000n\000h\000e\000i\000m\000の\000ト\000リ\000ク\000ル\000ダ\000ウ\000ン\000定\000理}{section.4.3}% 50
\BOOKMARK [2][-]{subsection.4.3.2}{\376\377\000ラ\000ン\000ダ\000ム\000ウ\000ォ\000ー\000ク\000の\000分\000解}{section.4.3}% 51
\BOOKMARK [2][-]{subsection.4.3.3}{\376\377\000ト\000リ\000ク\000ル\000ダ\000ウ\000ン\000定\000理\000の\000証\000明}{section.4.3}% 52
\BOOKMARK [1][-]{section.4.4}{\376\377\000A\000n\000a\000r\000i\000,\000\040\000L\000i\000u\000,\000\040\000G\000h\000a\000r\000a\000n\000,\000\040\000V\000i\000n\000z\000a\000n\000t\000の\000定\000理}{chapter.4}% 53
\BOOKMARK [0][-]{chapter.5}{\376\377\000お\000わ\000り\000に}{}% 54
\BOOKMARK [1][-]{section.5.1}{\376\377\000左\000右\000ケ\000イ\000リ\000ー\000複\000体\000に\000基\000づ\000く\000誤\000り\000訂\000正\000符\000号\000の\000構\000成}{chapter.5}% 55
