\BOOKMARK [1][-]{section.1}{\376\377\000は\000じ\000め\000に}{}% 1
\BOOKMARK [1][-]{section.2}{\376\377\000グ\000ラ\000フ\000と\000ラ\000ン\000ダ\000ム\000ウ\000ォ\000ー\000ク}{}% 2
\BOOKMARK [2][-]{subsection.2.1}{\376\377\000定\000義}{section.2}% 3
\BOOKMARK [2][-]{subsection.2.2}{\376\377\000ラ\000ン\000ダ\000ム\000ウ\000ォ\000ー\000ク\000と\000固\000有\000値}{section.2}% 4
\BOOKMARK [2][-]{subsection.2.3}{\376\377\000エ\000ク\000ス\000パ\000ン\000ダ\000ー\000グ\000ラ\000フ}{section.2}% 5
\BOOKMARK [1][-]{section.3}{\376\377\000高\000次\000元\000エ\000ク\000ス\000パ\000ン\000ダ\000ー}{}% 6
\BOOKMARK [2][-]{subsection.3.1}{\376\377\000定\000義}{section.3}% 7
\BOOKMARK [2][-]{subsection.3.2}{\376\377\000単\000体\000複\000体\000上\000の\000ラ\000ン\000ダ\000ム\000ウ\000ォ\000ー\000ク}{section.3}% 8
\BOOKMARK [2][-]{subsection.3.3}{\376\377\000局\000所\000ス\000ペ\000ク\000ト\000ル\000エ\000ク\000ス\000パ\000ン\000ダ\000ー}{section.3}% 9
\BOOKMARK [2][-]{subsection.3.4}{\376\377\000O\000p\000p\000e\000n\000h\000e\000i\000m\000の\000ト\000リ\000ク\000ル\000ダ\000ウ\000ン\000定\000理}{section.3}% 10
\BOOKMARK [1][-]{section.4}{\376\377\000マ\000ト\000ロ\000イ\000ド}{}% 11
\BOOKMARK [2][-]{subsection.4.1}{\376\377\000定\000義}{section.4}% 12
\BOOKMARK [2][-]{subsection.4.2}{\376\377\000例}{section.4}% 13
\BOOKMARK [3][-]{subsubsection.4.2.1}{\376\377\000グ\000ラ\000フ\000的\000マ\000ト\000ロ\000イ\000ド}{subsection.4.2}% 14
\BOOKMARK [3][-]{subsubsection.4.2.2}{\376\377\000線\000形\000マ\000ト\000ロ\000イ\000ド}{subsection.4.2}% 15
\BOOKMARK [2][-]{subsection.4.3}{\376\377\000モ\000チ\000ベ\000ー\000シ\000ョ\000ン}{section.4}% 16
\BOOKMARK [3][-]{subsubsection.4.3.1}{\376\377\000組\000合\000せ\000最\000適\000化}{subsection.4.3}% 17
\BOOKMARK [3][-]{subsubsection.4.3.2}{\376\377\000組\000合\000せ\000論}{subsection.4.3}% 18
\BOOKMARK [2][-]{subsection.4.4}{\376\377\000基\000の\000数\000え\000上\000げ}{section.4}% 19
\BOOKMARK [1][-]{section.5}{\376\377\000A\000n\000a\000r\000i\000,\000\040\000L\000i\000u\000,\000\040\000G\000h\000a\000r\000a\000n\000,\000\040\000V\000i\000n\000z\000a\000n\000t\000の\000定\000理}{}% 20
